/Users/jackkozmetsky/Desktop/sam-africa-dashboard/streamlit_dashboard.py:43: UserWarning: The argument 'infer_datetime_format' is deprecated and will be removed in a future version. A strict version of it is now the default, see https://pandas.pydata.org/pdeps/0004-consistent-to-datetime-parsing.html. You can safely remove this argument.
  df["PostedDate_parsed"] = pd.to_datetime(df["PostedDate"], errors="coerce", infer_datetime_format=True)
/Users/jackkozmetsky/Desktop/sam-africa-dashboard/streamlit_dashboard.py:43: FutureWarning: In a future version of pandas, parsing datetimes with mixed time zones will raise an error unless `utc=True`. Please specify `utc=True` to opt in to the new behaviour and silence this warning. To create a `Series` with mixed offsets and `object` dtype, please use `apply` and `datetime.datetime.strptime`
  df["PostedDate_parsed"] = pd.to_datetime(df["PostedDate"], errors="coerce", infer_datetime_format=True)
2025-09-22 10:44:08.324 Please replace `use_container_width` with `width`.

`use_container_width` will be removed after 2025-12-31.

For `use_container_width=True`, use `width='stretch'`. For `use_container_width=False`, use `width='content'`.
2025-09-22 10:44:08.329 Please replace `use_container_width` with `width`.

`use_container_width` will be removed after 2025-12-31.

For `use_container_width=True`, use `width='stretch'`. For `use_container_width=False`, use `width='content'`.
2025-09-22 12:14:40.031 Uncaught app execution
Traceback (most recent call last):
  File "/Users/jackkozmetsky/Library/Python/3.13/lib/python/site-packages/streamlit/runtime/scriptrunner/exec_code.py", line 128, in exec_func_with_error_handling
    result = func()
  File "/Users/jackkozmetsky/Library/Python/3.13/lib/python/site-packages/streamlit/runtime/scriptrunner/script_runner.py", line 669, in code_to_exec
    exec(code, module.__dict__)  # noqa: S102
    ~~~~^^^^^^^^^^^^^^^^^^^^^^^
  File "/Users/jackkozmetsky/Desktop/sam-africa-dashboard/streamlit_dashboard.py", line 12, in <module>
    import streamlit_authenticator as stauth
ModuleNotFoundError: No module named 'streamlit_authenticator'
